{
  "RSpec": {
    "coverage": {
      "/Users/nabilasiregar/code/gojek-challenges/Module-04/02-TDD/spec/array_transformer_spec.rb": {
        "lines": [
          1,
          null,
          1,
          1,
          1,
          1,
          1,
          null,
          null,
          1,
          1,
          1,
          1,
          null,
          null,
          1,
          1,
          1,
          1,
          null,
          null,
          1,
          1,
          1,
          1,
          null,
          null,
          1,
          1,
          1,
          1,
          null,
          null,
          1,
          1,
          1,
          1,
          null,
          null,
          null
        ]
      },
      "/Users/nabilasiregar/code/gojek-challenges/Module-04/02-TDD/array_transformer.rb": {
        "lines": [
          1,
          1,
          6,
          4,
          null,
          2,
          null,
          null,
          null,
          1,
          2,
          2,
          2,
          2,
          5,
          null,
          2,
          2,
          2,
          null,
          null,
          1,
          4,
          4,
          10,
          4,
          4,
          null,
          null
        ]
      },
      "/Users/nabilasiregar/code/gojek-challenges/Module-04/02-TDD/spec/string_transformer_spec.rb": {
        "lines": [
          1,
          1,
          1,
          1,
          1,
          1,
          null,
          null,
          1,
          1,
          1,
          1,
          null,
          null
        ]
      },
      "/Users/nabilasiregar/code/gojek-challenges/Module-04/02-TDD/string_transformer.rb": {
        "lines": [
          1,
          1,
          2,
          1,
          null,
          null
        ]
      }
    },
    "timestamp": 1627639583
  }
}
